
                             U:U2 PI: PART-1-1
                  X                N: 301     

                0.                 0.         
           20.0003E-03        23.786E-06  
           40.0003E-03       -43.782E-06  
           60.0001E-03        56.9724E-06 
           80.0003E-03       -57.3894E-06 
              100.E-03            44.2714E-06 
              120.E-03           -17.2509E-06 
              140.E-03           -17.9354E-06 
              160.E-03            48.2385E-06 
              180.E-03           -62.9374E-06 
              200.E-03            59.2025E-06 
              220.E-03           -39.9427E-06 
              240.E-03            13.8948E-06 
              260.E-03            13.1958E-06 
              280.E-03           -43.7676E-06 
              300.E-03            62.0574E-06 
              320.E-03           -56.2505E-06 
              340.E-03            37.8968E-06 
              360.E-03            -2.07067E-06
              380.E-03           -31.7406E-06 
              400.E-03            54.5473E-06 
              420.E-03           -62.0727E-06 
              440.E-03            45.779E-06  
              460.E-03           -18.6331E-06 
              480.E-03           -15.1482E-06 
              500.E-03            40.9175E-06 
              520.E-03           -49.6771E-06 
              540.E-03            40.9455E-06 
              560.E-03           -13.6496E-06 
              580.E-03           -17.5441E-06 
              600.E-03            46.012E-06  
              620.E-03           -58.8524E-06 
              640.E-03            51.2272E-06 
              660.E-03           -28.0156E-06 
              680.E-03            -7.64316E-06
              700.E-03            39.2596E-06 
              720.E-03           -59.4267E-06 
              740.E-03            60.7825E-06 
              760.E-03           -41.4524E-06 
              780.E-03            11.4628E-06 
              800.E-03            22.2124E-06 
              820.E-03           -45.3355E-06 
              840.E-03            51.1973E-06 
              860.E-03           -38.417E-06  
              880.E-03            10.0124E-06 
              900.E-03            21.5297E-06 
              920.E-03           -47.2189E-06 
              940.E-03            56.1727E-06 
              960.E-03           -45.4574E-06 
              980.E-03            19.0169E-06 
                1.                15.8661E-06 




