
                             U:U2 PI: PART-1-1
                  X                N: 151     

                0.                 0.         
           20.0002E-03        54.0814E-06 
           40.0001E-03       -71.673E-06  
           60.0006E-03        40.4231E-06 
           80.0004E-03        11.2816E-06 
              100.E-03           -55.5649E-06 
           120.001E-03         65.8266E-06 
           140.001E-03        -35.8748E-06 
              160.E-03           -13.9739E-06 
              180.E-03            52.9764E-06 
              200.E-03           -58.8776E-06 
           220.001E-03         29.8463E-06 
              240.E-03            16.3207E-06 
              260.E-03           -52.5096E-06 
              280.E-03            57.064E-06  
           300.001E-03        -26.3662E-06 
              320.E-03           -21.6627E-06 
              340.E-03            57.1047E-06 
              360.E-03           -56.7383E-06 
              380.E-03            19.8243E-06 
           400.001E-03         30.3572E-06 
              420.E-03           -61.2272E-06 
              440.E-03            52.5882E-06 
              460.E-03           -10.1643E-06 
           480.001E-03        -38.3551E-06 
              500.E-03            61.794E-06  
              520.E-03           -50.3465E-06 
              540.E-03            14.8307E-06 
              560.E-03            27.5372E-06 
              580.E-03           -56.3036E-06 
              600.E-03            57.7313E-06 
           620.001E-03        -31.3589E-06 
           640.001E-03         -9.85018E-06
           660.001E-03         45.8589E-06 
           680.001E-03        -59.2941E-06 
           700.001E-03         43.8533E-06 
              720.E-03            -7.25181E-06
              740.E-03           -32.5864E-06 
              760.E-03            56.304E-06  
              780.E-03           -52.4845E-06 
              800.E-03            23.1567E-06 
              820.E-03            17.2957E-06 
              840.E-03           -49.1619E-06 
              860.E-03            57.0166E-06 
              880.E-03           -37.1578E-06 
              900.E-03          -643.664E-09  
              920.E-03            37.9744E-06 
              940.E-03           -56.7355E-06 
              960.E-03            47.9324E-06 
              980.E-03           -15.9671E-06 
                1.               -23.554E-06  




