
                             U:U2 PI: PART-1-1
                  X                 N: 31     

                0.                 0.         
           20.0003E-03        43.6324E-06 
               40.E-03           -59.4598E-06 
           60.0008E-03        42.5167E-06 
           80.0002E-03        -4.3832E-06 
              100.E-03           -33.1039E-06 
              120.E-03            50.2325E-06 
              140.E-03           -39.4704E-06 
           160.001E-03          8.59685E-06
           180.001E-03         24.5331E-06 
           200.001E-03        -42.2084E-06 
           220.001E-03         36.2124E-06 
              240.E-03           -11.4818E-06 
              260.E-03           -18.1537E-06 
              280.E-03            35.7365E-06 
              300.E-03           -31.2394E-06 
              320.E-03             8.89318E-06
              340.E-03            16.9898E-06 
              360.E-03           -31.0928E-06 
              380.E-03            26.0701E-06 
              400.E-03            -6.24723E-06
              420.E-03           -15.7603E-06 
              440.E-03            26.9846E-06 
              460.E-03           -21.6865E-06 
              480.E-03             4.15692E-06
              500.E-03            14.5067E-06 
           520.001E-03        -23.0062E-06 
              540.E-03            19.8675E-06 
              560.E-03            -7.4729E-06 
           580.001E-03         -7.55711E-06
              600.E-03            17.8396E-06 
              620.E-03           -18.8197E-06 
           640.001E-03         10.7313E-06 
              660.E-03             1.87433E-06
           680.001E-03        -12.6314E-06 
              700.E-03            16.5383E-06 
              720.E-03           -12.2471E-06 
           740.001E-03          2.42663E-06
              760.E-03             7.81123E-06
              780.E-03           -13.5424E-06 
              800.E-03            12.3673E-06 
              820.E-03            -5.3721E-06 
           840.001E-03         -3.66273E-06
              860.E-03            10.264E-06  
              880.E-03           -11.4616E-06 
           900.001E-03          7.09057E-06
              920.E-03           338.282E-09  
           940.001E-03         -7.04441E-06
              960.E-03             9.87634E-06
              980.E-03            -7.77533E-06
                1.                 2.11546E-06




